<?xml version="1.0" encoding="UTF-8"?><testsuite errors="0" failures="0" name="com.restapi.junit.automation.APITestAutomation" skipped="0" tests="3" time="35.23" timestamp="2019-02-33 02:42:18"><testcase classname="com.restapi.junit.automation.APITestAutomation" name="This test will validate Name as Carbon Credits"/><testcase classname="com.restapi.junit.automation.APITestAutomation" name="This test will validate CanRelist as true"/><testcase classname="com.restapi.junit.automation.APITestAutomation" name="This test will validate Description of Promotion Element contains text '2x larger image"/></testsuite>